2023-02-27T16:56:18.443488-08:00 INFO wiki_tui::logging - successfully initialized the logging system
2023-02-27T16:56:24.745675-08:00 INFO wiki_tui::ui::search::display - displaying '10' search results
2023-02-27T16:56:24.745813-08:00 INFO wiki_tui::ui::search - selecting the item 'Price markdown', page id: '5288582'
2023-02-27T16:56:24.745861-08:00 INFO wiki_tui::ui::search - selecting the item 'Markdown', page id: '2415885'
2023-02-27T16:56:34.594989-08:00 INFO wiki_tui::ui::search - selecting the item 'Price markdown', page id: '5288582'
2023-02-27T16:56:34.883454-08:00 INFO wiki_tui::ui::search - selecting the item 'MultiMarkdown', page id: '30623672'
2023-02-27T16:56:41.650020-08:00 INFO wiki_tui::ui::search - selecting the item 'Obsidian (software)', page id: '72512916'
2023-02-27T16:56:41.867882-08:00 INFO wiki_tui::ui::search - selecting the item 'Lightweight markup language', page id: '780817'
2023-02-27T16:56:42.048397-08:00 INFO wiki_tui::ui::search - selecting the item 'Greater-than sign', page id: '11033536'
2023-02-27T16:56:42.264017-08:00 INFO wiki_tui::ui::search - selecting the item 'Backtick', page id: '559838'
2023-02-27T16:56:42.513523-08:00 INFO wiki_tui::ui::search - selecting the item 'Wiki.js', page id: '53009299'
2023-02-27T16:56:42.694195-08:00 INFO wiki_tui::ui::search - selecting the item 'Pandoc', page id: '43162750'
2023-02-27T16:56:44.945271-08:00 INFO wiki_tui::ui::search - selecting the item 'Wiki.js', page id: '53009299'
2023-02-27T16:56:45.445832-08:00 INFO wiki_tui::ui::search - selecting the item 'Backtick', page id: '559838'
2023-02-27T16:56:45.521395-08:00 INFO wiki_tui::ui::search - selecting the item 'Greater-than sign', page id: '11033536'
2023-02-27T16:56:45.632002-08:00 INFO wiki_tui::ui::search - selecting the item 'Lightweight markup language', page id: '780817'
2023-02-27T16:56:45.707035-08:00 INFO wiki_tui::ui::search - selecting the item 'Obsidian (software)', page id: '72512916'
2023-02-27T16:56:45.781377-08:00 INFO wiki_tui::ui::search - selecting the item 'MultiMarkdown', page id: '30623672'
2023-02-27T16:56:45.856503-08:00 INFO wiki_tui::ui::search - selecting the item 'Price markdown', page id: '5288582'
2023-02-27T16:56:46.074079-08:00 INFO wiki_tui::ui::search - selecting the item 'Markdown', page id: '2415885'
